<?xml version="1.0" encoding="UTF-8"?>
<!-- Generated by org.testng.reporters.JUnitReportReporter -->
<testsuite hostname="DELL" name="testng_pkg.default_testng" tests="3" failures="0" timestamp="3 Jun 2018 05:59:55 GMT" time="0.140" errors="0">
  <testcase name="test1" time="0.078" classname="testng_pkg.default_testng"/>
  <testcase name="test2" time="0.031" classname="testng_pkg.default_testng"/>
  <testcase name="test3" time="0.031" classname="testng_pkg.default_testng"/>
</testsuite> <!-- testng_pkg.default_testng -->
