<?xml version="1.0" encoding="UTF-8"?>
<!-- Generated by org.testng.reporters.JUnitReportReporter -->
<testsuite hostname="DELL" name="testng_pkg.pgm1" tests="4" failures="0" timestamp="3 Jun 2018 05:59:55 GMT" time="0.031" errors="0">
  <testcase name="t1" time="0.000" classname="testng_pkg.pgm1"/>
  <testcase name="t3" time="0.000" classname="testng_pkg.pgm1"/>
  <testcase name="t4" time="0.000" classname="testng_pkg.pgm1"/>
  <testcase name="t2" time="0.031" classname="testng_pkg.pgm1"/>
</testsuite> <!-- testng_pkg.pgm1 -->
